2022-11-25 11:36:38.024 [info] Validating found git in: git
2022-11-25 11:36:38.024 [info] Using git 2.38.1 from git
2022-11-25 11:37:47.601 [info] Validating found git in: git
2022-11-25 11:37:47.601 [info] Using git 2.38.1 from git
2022-11-25 11:37:47.601 [info] > git rev-parse --show-toplevel [12ms]
2022-11-25 11:37:47.602 [info] > git rev-parse --git-dir --git-common-dir [17ms]
2022-11-25 11:37:47.610 [info] Log level: Info
2022-11-25 11:37:47.616 [info] Open repository: /home/technat/code/argo-cd
2022-11-25 11:37:47.658 [info] > git status -z -uall [19ms]
2022-11-25 11:37:47.659 [info] > git rev-parse --show-toplevel [12ms]
2022-11-25 11:37:47.674 [info] > git remote --verbose [43ms]
2022-11-25 11:37:47.681 [info] > git for-each-ref --sort -committerdate --format %(refname) %(objectname) %(*objectname) [52ms]
2022-11-25 11:37:47.697 [info] > git rev-parse --show-toplevel [22ms]
2022-11-25 11:37:47.707 [info] > git config --get commit.template [53ms]
2022-11-25 11:37:47.710 [info] > git rev-parse --show-toplevel [3ms]
2022-11-25 11:37:47.726 [info] > git rev-parse --show-toplevel [9ms]
2022-11-25 11:37:47.735 [info] > git for-each-ref --format=%(refname)%00%(upstream:short)%00%(objectname)%00%(upstream:track)%00%(upstream:remotename)%00%(upstream:remoteref) refs/heads/fix/11351 refs/remotes/fix/11351 [9ms]
2022-11-25 11:37:47.778 [info] > git remote --verbose [25ms]
2022-11-25 11:37:47.779 [info] > git for-each-ref --sort -committerdate --format %(refname) %(objectname) %(*objectname) [34ms]
2022-11-25 11:37:47.780 [info] > git rev-parse --show-toplevel [45ms]
2022-11-25 11:37:47.812 [info] > git status -z -uall [51ms]
2022-11-25 11:37:47.813 [info] > git config --get commit.template [36ms]
2022-11-25 11:37:47.814 [info] > git rev-parse --show-toplevel [3ms]
2022-11-25 11:37:47.836 [info] > git rev-parse --show-toplevel [11ms]
2022-11-25 11:37:47.845 [info] > git rev-parse --show-toplevel [1ms]
2022-11-25 11:37:47.852 [info] > git for-each-ref --format=%(refname)%00%(upstream:short)%00%(objectname)%00%(upstream:track)%00%(upstream:remotename)%00%(upstream:remoteref) refs/heads/fix/11351 refs/remotes/fix/11351 [18ms]
2022-11-25 11:37:47.854 [info] > git rev-parse --show-toplevel [3ms]
2022-11-25 11:37:47.862 [info] > git rev-parse --show-toplevel [1ms]
2022-11-25 11:37:47.869 [info] > git rev-parse --show-toplevel [1ms]
2022-11-25 11:37:47.877 [info] > git rev-parse --show-toplevel [1ms]
2022-11-25 11:37:47.884 [info] > git rev-parse --show-toplevel [1ms]
2022-11-25 11:37:47.897 [info] > git rev-parse --show-toplevel [1ms]
2022-11-25 11:37:47.909 [info] > git rev-parse --show-toplevel [1ms]
2022-11-25 11:37:47.917 [info] > git rev-parse --show-toplevel [1ms]
2022-11-25 11:37:47.924 [info] > git rev-parse --show-toplevel [0ms]
2022-11-25 11:37:47.931 [info] > git rev-parse --show-toplevel [1ms]
2022-11-25 11:37:47.938 [info] > git rev-parse --show-toplevel [1ms]
2022-11-25 11:37:47.944 [info] > git rev-parse --show-toplevel [1ms]
2022-11-25 11:37:47.952 [info] > git rev-parse --show-toplevel [1ms]
2022-11-25 11:37:47.960 [info] > git rev-parse --show-toplevel [1ms]
2022-11-25 11:37:47.972 [info] > git rev-parse --show-toplevel [1ms]
2022-11-25 11:37:47.980 [info] > git rev-parse --show-toplevel [0ms]
2022-11-25 11:37:47.987 [info] > git rev-parse --show-toplevel [1ms]
2022-11-25 11:37:47.995 [info] > git rev-parse --show-toplevel [1ms]
2022-11-25 11:37:48.195 [info] > git check-ignore -v -z --stdin [2ms]
2022-11-25 11:37:49.312 [info] > git fetch [1695ms]
2022-11-25 11:37:49.346 [info] > git remote --verbose [17ms]
2022-11-25 11:37:49.347 [info] > git for-each-ref --sort -committerdate --format %(refname) %(objectname) %(*objectname) [26ms]
2022-11-25 11:37:49.347 [info] > git config --get commit.template [3ms]
2022-11-25 11:37:49.356 [info] > git status -z -uall [21ms]
2022-11-25 11:37:49.357 [info] > git for-each-ref --format=%(refname)%00%(upstream:short)%00%(objectname)%00%(upstream:track)%00%(upstream:remotename)%00%(upstream:remoteref) refs/heads/fix/11351 refs/remotes/fix/11351 [1ms]
2022-11-25 11:38:03.243 [info] > git check-ignore -v -z --stdin [2ms]
2022-11-25 11:38:05.586 [info] > git check-ignore -v -z --stdin [3ms]
2022-11-25 11:40:06.742 [info] > git remote --verbose [11ms]
2022-11-25 11:40:06.745 [info] > git for-each-ref --sort -committerdate --format %(refname) %(objectname) %(*objectname) [15ms]
2022-11-25 11:40:06.746 [info] > git status -z -uall [12ms]
2022-11-25 11:40:06.747 [info] > git config --get commit.template [6ms]
2022-11-25 11:40:06.755 [info] > git for-each-ref --format=%(refname)%00%(upstream:short)%00%(objectname)%00%(upstream:track)%00%(upstream:remotename)%00%(upstream:remoteref) refs/heads/fix/11351 refs/remotes/fix/11351 [0ms]
2022-11-25 11:40:18.771 [info] > git remote --verbose [7ms]
2022-11-25 11:40:18.772 [info] > git for-each-ref --sort -committerdate --format %(refname) %(objectname) %(*objectname) [15ms]
2022-11-25 11:40:18.781 [info] > git status -z -uall [12ms]
2022-11-25 11:40:18.782 [info] > git config --get commit.template [2ms]
2022-11-25 11:40:18.790 [info] > git for-each-ref --format=%(refname)%00%(upstream:short)%00%(objectname)%00%(upstream:track)%00%(upstream:remotename)%00%(upstream:remoteref) refs/heads/fix/11351 refs/remotes/fix/11351 [1ms]
2022-11-25 11:40:19.692 [info] > git check-ignore -v -z --stdin [1ms]
2022-11-25 11:40:21.114 [info] > git check-ignore -v -z --stdin [2ms]
2022-11-25 11:40:49.626 [info] > git check-ignore -v -z --stdin [2ms]
2022-11-25 11:40:50.320 [info] > git show --textconv :pkg/apiclient/repository/repository.pb.go [5ms]
2022-11-25 11:40:50.321 [info] > git ls-files --stage -- /home/technat/code/argo-cd/pkg/apiclient/repository/repository.pb.go [1ms]
2022-11-25 11:40:50.328 [info] > git cat-file -s d99884b85d95361c24451f7b14628299f4e7e0b9 [1ms]
2022-11-25 11:40:50.543 [info] > git ls-files --stage -- /home/technat/code/argo-cd/pkg/apiclient/repository/repository.pb.go [1ms]
2022-11-25 11:40:50.550 [info] > git cat-file -s d99884b85d95361c24451f7b14628299f4e7e0b9 [1ms]
2022-11-25 11:40:50.569 [info] > git show --textconv :pkg/apiclient/repository/repository.pb.go [2ms]
2022-11-25 11:40:51.106 [info] > git fetch [1736ms]
2022-11-25 11:40:51.132 [info] > git remote --verbose [11ms]
2022-11-25 11:40:51.134 [info] > git for-each-ref --sort -committerdate --format %(refname) %(objectname) %(*objectname) [17ms]
2022-11-25 11:40:51.134 [info] > git config --get commit.template [2ms]
2022-11-25 11:40:51.139 [info] > git status -z -uall [13ms]
2022-11-25 11:40:51.140 [info] > git for-each-ref --format=%(refname)%00%(upstream:short)%00%(objectname)%00%(upstream:track)%00%(upstream:remotename)%00%(upstream:remoteref) refs/heads/fix/11351 refs/remotes/fix/11351 [1ms]
2022-11-25 11:40:52.154 [info] > git ls-files --stage -- /home/technat/code/argo-cd/pkg/apiclient/repository/repository.pb.go [2ms]
2022-11-25 11:40:52.161 [info] > git cat-file -s d99884b85d95361c24451f7b14628299f4e7e0b9 [0ms]
2022-11-25 11:40:52.170 [info] > git show --textconv :pkg/apiclient/repository/repository.pb.go [1ms]
2022-11-25 11:43:22.239 [info] > git show --textconv :pkg/apiclient/repository/repository.pb.gw.go [8ms]
2022-11-25 11:43:22.240 [info] > git ls-files --stage -- /home/technat/code/argo-cd/pkg/apiclient/repository/repository.pb.gw.go [2ms]
2022-11-25 11:43:22.245 [info] > git cat-file -s da6a5a9eacb289bd78462029c4ed95b98fccab8d [1ms]
2022-11-25 11:43:55.930 [info] > git fetch [1678ms]
2022-11-25 11:43:55.955 [info] > git remote --verbose [11ms]
2022-11-25 11:43:55.957 [info] > git for-each-ref --sort -committerdate --format %(refname) %(objectname) %(*objectname) [18ms]
2022-11-25 11:43:55.957 [info] > git status -z -uall [8ms]
2022-11-25 11:43:55.958 [info] > git config --get commit.template [2ms]
2022-11-25 11:43:55.963 [info] > git for-each-ref --format=%(refname)%00%(upstream:short)%00%(objectname)%00%(upstream:track)%00%(upstream:remotename)%00%(upstream:remoteref) refs/heads/fix/11351 refs/remotes/fix/11351 [1ms]
2022-11-25 11:43:56.022 [info] > git ls-files --stage -- /home/technat/code/argo-cd/pkg/apiclient/repository/repository.pb.gw.go [1ms]
2022-11-25 11:43:56.028 [info] > git cat-file -s da6a5a9eacb289bd78462029c4ed95b98fccab8d [1ms]
2022-11-25 11:43:56.041 [info] > git show --textconv :pkg/apiclient/repository/repository.pb.gw.go [1ms]
2022-11-25 11:44:36.924 [info] > git remote --verbose [15ms]
2022-11-25 11:44:36.925 [info] > git for-each-ref --sort -committerdate --format %(refname) %(objectname) %(*objectname) [22ms]
2022-11-25 11:44:36.927 [info] > git status -z -uall [12ms]
2022-11-25 11:44:36.927 [info] > git config --get commit.template [4ms]
2022-11-25 11:44:36.936 [info] > git for-each-ref --format=%(refname)%00%(upstream:short)%00%(objectname)%00%(upstream:track)%00%(upstream:remotename)%00%(upstream:remoteref) refs/heads/fix/11351 refs/remotes/fix/11351 [1ms]
2022-11-25 11:47:48.034 [info] > git fetch [1821ms]
2022-11-25 11:47:48.047 [info] > git remote --verbose [4ms]
2022-11-25 11:47:48.049 [info] > git for-each-ref --sort -committerdate --format %(refname) %(objectname) %(*objectname) [9ms]
2022-11-25 11:47:48.058 [info] > git status -z -uall [12ms]
2022-11-25 11:47:48.059 [info] > git config --get commit.template [5ms]
2022-11-25 11:47:48.059 [info] > git for-each-ref --format=%(refname)%00%(upstream:short)%00%(objectname)%00%(upstream:track)%00%(upstream:remotename)%00%(upstream:remoteref) refs/heads/fix/11351 refs/remotes/fix/11351 [1ms]
2022-11-25 11:47:58.668 [info] > git ls-files --stage -- /home/technat/code/argo-cd/pkg/apiclient/repository/repository.pb.gw.go [2ms]
2022-11-25 11:47:58.675 [info] > git cat-file -s da6a5a9eacb289bd78462029c4ed95b98fccab8d [1ms]
2022-11-25 11:47:58.686 [info] > git show --textconv :pkg/apiclient/repository/repository.pb.gw.go [1ms]
2022-11-25 11:49:17.677 [info] > git remote --verbose [20ms]
2022-11-25 11:49:17.678 [info] > git for-each-ref --sort -committerdate --format %(refname) %(objectname) %(*objectname) [30ms]
2022-11-25 11:49:17.680 [info] > git config --get commit.template [3ms]
2022-11-25 11:49:17.691 [info] > git for-each-ref --format=%(refname)%00%(upstream:short)%00%(objectname)%00%(upstream:track)%00%(upstream:remotename)%00%(upstream:remoteref) refs/heads/fix/11351 refs/remotes/fix/11351 [1ms]
2022-11-25 11:49:17.699 [info] > git status -z -uall [34ms]
2022-11-25 11:49:40.952 [info] > git remote --verbose [15ms]
2022-11-25 11:49:40.953 [info] > git for-each-ref --sort -committerdate --format %(refname) %(objectname) %(*objectname) [24ms]
2022-11-25 11:49:40.954 [info] > git config --get commit.template [3ms]
2022-11-25 11:49:40.963 [info] > git status -z -uall [20ms]
2022-11-25 11:49:40.965 [info] > git for-each-ref --format=%(refname)%00%(upstream:short)%00%(objectname)%00%(upstream:track)%00%(upstream:remotename)%00%(upstream:remoteref) refs/heads/fix/11351 refs/remotes/fix/11351 [3ms]
2022-11-25 11:50:20.857 [info] > git remote --verbose [15ms]
2022-11-25 11:50:20.858 [info] > git for-each-ref --sort -committerdate --format %(refname) %(objectname) %(*objectname) [20ms]
2022-11-25 11:50:20.861 [info] > git config --get commit.template [4ms]
2022-11-25 11:50:20.869 [info] > git status -z -uall [20ms]
2022-11-25 11:50:20.870 [info] > git for-each-ref --format=%(refname)%00%(upstream:short)%00%(objectname)%00%(upstream:track)%00%(upstream:remotename)%00%(upstream:remoteref) refs/heads/fix/11351 refs/remotes/fix/11351 [2ms]
2022-11-25 11:52:32.605 [info] > git remote --verbose [15ms]
2022-11-25 11:52:32.605 [info] > git for-each-ref --sort -committerdate --format %(refname) %(objectname) %(*objectname) [22ms]
2022-11-25 11:52:32.606 [info] > git config --get commit.template [2ms]
2022-11-25 11:52:32.612 [info] > git for-each-ref --format=%(refname)%00%(upstream:short)%00%(objectname)%00%(upstream:track)%00%(upstream:remotename)%00%(upstream:remoteref) refs/heads/fix/11351 refs/remotes/fix/11351 [1ms]
2022-11-25 11:52:32.622 [info] > git status -z -uall [25ms]
2022-11-25 11:52:33.746 [info] > git ls-files --stage -- /home/technat/code/argo-cd/pkg/apiclient/repository/repository.pb.gw.go [1ms]
2022-11-25 11:52:33.753 [info] > git cat-file -s da6a5a9eacb289bd78462029c4ed95b98fccab8d [1ms]
2022-11-25 11:52:33.764 [info] > git show --textconv :pkg/apiclient/repository/repository.pb.gw.go [2ms]
2022-11-25 11:52:34.365 [info] > git fetch [1790ms]
2022-11-25 11:52:34.390 [info] > git remote --verbose [14ms]
2022-11-25 11:52:34.392 [info] > git for-each-ref --sort -committerdate --format %(refname) %(objectname) %(*objectname) [19ms]
2022-11-25 11:52:34.394 [info] > git config --get commit.template [5ms]
2022-11-25 11:52:34.402 [info] > git for-each-ref --format=%(refname)%00%(upstream:short)%00%(objectname)%00%(upstream:track)%00%(upstream:remotename)%00%(upstream:remoteref) refs/heads/fix/11351 refs/remotes/fix/11351 [1ms]
2022-11-25 11:52:34.403 [info] > git status -z -uall [22ms]
2022-11-25 11:52:35.423 [info] > git show --textconv :pkg/apiclient/repository/repository.pb.go [6ms]
2022-11-25 11:52:35.425 [info] > git ls-files --stage -- /home/technat/code/argo-cd/pkg/apiclient/repository/repository.pb.go [1ms]
2022-11-25 11:52:35.432 [info] > git cat-file -s d99884b85d95361c24451f7b14628299f4e7e0b9 [1ms]
2022-11-25 11:52:37.656 [info] > git remote --verbose [16ms]
2022-11-25 11:52:37.657 [info] > git for-each-ref --sort -committerdate --format %(refname) %(objectname) %(*objectname) [24ms]
2022-11-25 11:52:37.660 [info] > git config --get commit.template [5ms]
2022-11-25 11:52:37.668 [info] > git status -z -uall [22ms]
2022-11-25 11:52:37.669 [info] > git for-each-ref --format=%(refname)%00%(upstream:short)%00%(objectname)%00%(upstream:track)%00%(upstream:remotename)%00%(upstream:remoteref) refs/heads/fix/11351 refs/remotes/fix/11351 [2ms]
2022-11-25 11:53:13.946 [info] > git remote --verbose [13ms]
2022-11-25 11:53:13.948 [info] > git for-each-ref --sort -committerdate --format %(refname) %(objectname) %(*objectname) [21ms]
2022-11-25 11:53:13.949 [info] > git config --get commit.template [4ms]
2022-11-25 11:53:13.956 [info] > git status -z -uall [19ms]
2022-11-25 11:53:13.958 [info] > git for-each-ref --format=%(refname)%00%(upstream:short)%00%(objectname)%00%(upstream:track)%00%(upstream:remotename)%00%(upstream:remoteref) refs/heads/fix/11351 refs/remotes/fix/11351 [1ms]
2022-11-25 11:53:54.156 [info] > git remote --verbose [12ms]
2022-11-25 11:53:54.157 [info] > git for-each-ref --sort -committerdate --format %(refname) %(objectname) %(*objectname) [20ms]
2022-11-25 11:53:54.158 [info] > git config --get commit.template [3ms]
2022-11-25 11:53:54.166 [info] > git for-each-ref --format=%(refname)%00%(upstream:short)%00%(objectname)%00%(upstream:track)%00%(upstream:remotename)%00%(upstream:remoteref) refs/heads/fix/11351 refs/remotes/fix/11351 [1ms]
2022-11-25 11:53:54.167 [info] > git status -z -uall [19ms]
2022-11-25 11:54:45.512 [info] > git remote --verbose [13ms]
2022-11-25 11:54:45.513 [info] > git for-each-ref --sort -committerdate --format %(refname) %(objectname) %(*objectname) [20ms]
2022-11-25 11:54:45.516 [info] > git config --get commit.template [4ms]
2022-11-25 11:54:45.522 [info] > git status -z -uall [18ms]
2022-11-25 11:54:45.523 [info] > git for-each-ref --format=%(refname)%00%(upstream:short)%00%(objectname)%00%(upstream:track)%00%(upstream:remotename)%00%(upstream:remoteref) refs/heads/fix/11351 refs/remotes/fix/11351 [1ms]
2022-11-25 11:55:57.847 [info] > git remote --verbose [12ms]
2022-11-25 11:55:57.848 [info] > git for-each-ref --sort -committerdate --format %(refname) %(objectname) %(*objectname) [17ms]
2022-11-25 11:55:57.849 [info] > git config --get commit.template [2ms]
2022-11-25 11:55:57.854 [info] > git status -z -uall [16ms]
2022-11-25 11:55:57.854 [info] > git for-each-ref --format=%(refname)%00%(upstream:short)%00%(objectname)%00%(upstream:track)%00%(upstream:remotename)%00%(upstream:remoteref) refs/heads/fix/11351 refs/remotes/fix/11351 [0ms]
2022-11-25 11:55:59.438 [info] > git fetch [1614ms]
2022-11-25 11:55:59.461 [info] > git remote --verbose [9ms]
2022-11-25 11:55:59.462 [info] > git for-each-ref --sort -committerdate --format %(refname) %(objectname) %(*objectname) [15ms]
2022-11-25 11:55:59.463 [info] > git config --get commit.template [2ms]
2022-11-25 11:55:59.467 [info] > git status -z -uall [11ms]
2022-11-25 11:55:59.468 [info] > git for-each-ref --format=%(refname)%00%(upstream:short)%00%(objectname)%00%(upstream:track)%00%(upstream:remotename)%00%(upstream:remoteref) refs/heads/fix/11351 refs/remotes/fix/11351 [1ms]
