2022-11-25 11:33:59.049 [info] Reading sessions from secret storage...
2022-11-25 11:33:59.049 [info] Got 0 stored sessions
2022-11-25 11:33:59.049 [info] Getting sessions for the following scopes: email offline_access openid profile
2022-11-25 11:33:59.049 [info] Got 0 sessions for scopes: email offline_access openid profile
2022-11-25 11:34:00.331 [info] Getting sessions for all scopes...
2022-11-25 11:34:00.332 [info] Got 0 sessions for all scopes...
2022-11-25 11:34:00.461 [info] Getting sessions for the following scopes: email offline_access openid profile
2022-11-25 11:34:00.461 [info] Got 0 sessions for scopes: email offline_access openid profile
2022-11-25 11:34:12.572 [info] Getting sessions for the following scopes: email offline_access openid profile
2022-11-25 11:34:12.572 [info] Got 0 sessions for scopes: email offline_access openid profile
2022-11-25 11:34:22.202 [info] Getting sessions for all scopes...
2022-11-25 11:34:22.202 [info] Got 0 sessions for all scopes...
2022-11-25 11:34:25.704 [info] Getting sessions for the following scopes: email offline_access openid profile
2022-11-25 11:34:25.704 [info] Got 0 sessions for scopes: email offline_access openid profile
2022-11-25 11:34:27.361 [info] Getting sessions for the following scopes: email offline_access openid profile
2022-11-25 11:34:27.361 [info] Got 0 sessions for scopes: email offline_access openid profile
2022-11-25 11:34:34.602 [info] Getting sessions for all scopes...
2022-11-25 11:34:34.602 [info] Got 0 sessions for all scopes...
2022-11-25 11:34:42.618 [info] Reading sessions from secret storage...
2022-11-25 11:34:42.618 [info] Got 0 stored sessions
2022-11-25 11:34:42.629 [info] Getting sessions for the following scopes: email offline_access openid profile
2022-11-25 11:34:42.629 [info] Got 0 sessions for scopes: email offline_access openid profile
