2022-11-25 11:36:37.319 [info] Extension host with pid 79862 started
2022-11-25 11:36:37.373 [info] ExtensionService#_doActivateExtension vscode.microsoft-authentication, startup: false, activationEvent: 'onAuthenticationRequest:microsoft'
2022-11-25 11:36:37.374 [info] ExtensionService#_doActivateExtension vscode.git-base, startup: true, activationEvent: '*', root cause: vscode.git
2022-11-25 11:36:37.374 [info] ExtensionService#_doActivateExtension andilutten92.pop-theme-switcher, startup: true, activationEvent: '*'
2022-11-25 11:36:37.374 [info] ExtensionService#_doActivateExtension GitHub.codespaces, startup: true, activationEvent: '*'
2022-11-25 11:36:37.375 [info] ExtensionService#_doActivateExtension vscodevim.vim, startup: true, activationEvent: '*'
2022-11-25 11:36:37.577 [info] ExtensionService#_doActivateExtension vscode.git, startup: true, activationEvent: '*'
2022-11-25 11:36:37.578 [info] ExtensionService#_doActivateExtension vscode.github, startup: true, activationEvent: '*'
2022-11-25 11:36:37.578 [info] ExtensionService#_doActivateExtension vscode.github-authentication, startup: false, activationEvent: 'api', root cause: GitHub.codespaces
2022-11-25 11:36:38.030 [info] ExtensionService#_doActivateExtension vscode.configuration-editing, startup: false, activationEvent: 'onLanguage:jsonc'
2022-11-25 11:36:38.030 [info] ExtensionService#_doActivateExtension vscode.json-language-features, startup: false, activationEvent: 'onLanguage:jsonc'
2022-11-25 11:36:38.030 [info] ExtensionService#_doActivateExtension vscode.typescript-language-features, startup: false, activationEvent: 'onLanguage:jsonc'
2022-11-25 11:36:38.192 [info] Eager extensions activated
2022-11-25 11:36:38.197 [info] ExtensionService#_doActivateExtension vscode.debug-auto-launch, startup: false, activationEvent: 'onStartupFinished'
2022-11-25 11:36:38.197 [info] ExtensionService#_doActivateExtension vscode.emmet, startup: false, activationEvent: 'onStartupFinished'
2022-11-25 11:36:38.197 [info] ExtensionService#_doActivateExtension vscode.merge-conflict, startup: false, activationEvent: 'onStartupFinished'
2022-11-25 11:36:38.197 [info] ExtensionService#_doActivateExtension equinusocio.vsc-material-theme-icons, startup: false, activationEvent: 'onStartupFinished'
2022-11-25 11:36:38.197 [info] ExtensionService#_doActivateExtension ms-vscode-remote.remote-containers, startup: false, activationEvent: 'onStartupFinished'
2022-11-25 11:36:38.197 [info] ExtensionService#_doActivateExtension ms-vscode-remote.remote-wsl, startup: false, activationEvent: 'onStartupFinished'
2022-11-25 11:36:38.197 [info] ExtensionService#_doActivateExtension zhuangtongfa.material-theme, startup: false, activationEvent: 'onStartupFinished'
2022-11-25 11:36:38.248 [warning] DiagnosticCollection with name 'devcontainer' does already exist.
2022-11-25 11:36:38.546 [error] Error: ENOENT: no such file or directory, open '/home/technat/.config/Code/User/globalStorage/vscodevim.vim/.registers'
2022-11-25 11:37:42.645 [info] Extension host terminating: received terminate message from renderer
2022-11-25 11:37:42.667 [error] Error: ENOENT: no such file or directory, open '/home/technat/.config/Code/User/globalStorage/vscodevim.vim/.registers'
2022-11-25 11:37:42.668 [info] Extension host with pid 79862 exiting with code 0
2022-11-25 11:37:43.726 [info] Extension host with pid 80652 started
2022-11-25 11:37:43.726 [info] Skipping acquiring lock for /home/technat/.config/Code/User/workspaceStorage/245a35e7cb4e6b1a480286d31b7f1026.
2022-11-25 11:37:43.867 [info] ExtensionService#_doActivateExtension vscode.microsoft-authentication, startup: false, activationEvent: 'onAuthenticationRequest:microsoft'
2022-11-25 11:37:43.867 [info] ExtensionService#_doActivateExtension vscode.git-base, startup: true, activationEvent: '*'
2022-11-25 11:37:43.867 [info] ExtensionService#_doActivateExtension GitHub.codespaces, startup: true, activationEvent: '*'
2022-11-25 11:37:43.867 [info] ExtensionService#_doActivateExtension vscodevim.vim, startup: true, activationEvent: '*'
2022-11-25 11:37:44.039 [info] ExtensionService#_doActivateExtension vscode.github, startup: true, activationEvent: '*'
2022-11-25 11:37:44.039 [info] ExtensionService#_doActivateExtension vscode.github-authentication, startup: false, activationEvent: 'api', root cause: GitHub.codespaces
2022-11-25 11:37:44.052 [info] ExtensionService#_doActivateExtension golang.go, startup: true, activationEvent: 'workspaceContains:*.go,*/*.go,*/*/*.go'
2022-11-25 11:37:44.661 [info] Eager extensions activated
2022-11-25 11:37:44.664 [info] ExtensionService#_doActivateExtension vscode.debug-auto-launch, startup: false, activationEvent: 'onStartupFinished'
2022-11-25 11:37:44.664 [info] ExtensionService#_doActivateExtension vscode.emmet, startup: false, activationEvent: 'onStartupFinished'
2022-11-25 11:37:44.664 [info] ExtensionService#_doActivateExtension vscode.merge-conflict, startup: false, activationEvent: 'onStartupFinished'
2022-11-25 11:37:44.664 [info] ExtensionService#_doActivateExtension ms-vscode-remote.remote-containers, startup: false, activationEvent: 'onStartupFinished'
2022-11-25 11:37:44.665 [info] ExtensionService#_doActivateExtension ms-vscode-remote.remote-wsl, startup: false, activationEvent: 'onStartupFinished'
2022-11-25 11:37:44.665 [info] ExtensionService#_doActivateExtension zhuangtongfa.material-theme, startup: false, activationEvent: 'onStartupFinished'
2022-11-25 11:37:44.716 [warning] DiagnosticCollection with name 'devcontainer' does already exist.
2022-11-25 11:37:45.019 [error] Error: ENOENT: no such file or directory, open '/home/technat/.config/Code/User/globalStorage/vscodevim.vim/.registers'
2022-11-25 11:37:47.506 [info] ExtensionService#_doActivateExtension vscode.git, startup: false, activationEvent: 'api', root cause: vscode.github
2022-11-25 11:37:47.524 [info] ExtensionService#_doActivateExtension andilutten92.pop-theme-switcher, startup: false, activationEvent: '*'
2022-11-25 11:37:47.524 [info] ExtensionService#_doActivateExtension equinusocio.vsc-material-theme-icons, startup: false, activationEvent: 'onStartupFinished'
2022-11-25 11:40:11.249 [info] ExtensionService#_doActivateExtension vscode.debug-server-ready, startup: false, activationEvent: 'onDebugResolve'
