2022-11-25 11:33:59.235 [info] Reading sessions from keychain...
2022-11-25 11:33:59.235 [info] Getting sessions for user:email...
2022-11-25 11:33:59.235 [info] Getting sessions for all scopes...
2022-11-25 11:33:59.235 [info] Got 0 sessions for user:email...
2022-11-25 11:33:59.235 [info] Got 0 sessions for ...
2022-11-25 11:34:00.332 [info] Getting sessions for all scopes...
2022-11-25 11:34:00.332 [info] Got 0 sessions for ...
2022-11-25 11:34:00.463 [info] Getting sessions for user:email...
2022-11-25 11:34:00.463 [info] Got 0 sessions for user:email...
2022-11-25 11:34:02.598 [info] Logging in for the following scopes: user:email
2022-11-25 11:34:02.606 [info] Trying without local server... (user:email)
2022-11-25 11:34:10.056 [info] Exchanging code for token...
2022-11-25 11:34:10.853 [info] Token exchange success!
2022-11-25 11:34:10.855 [info] Getting user info...
2022-11-25 11:34:11.295 [info] Got account info!
2022-11-25 11:34:11.717 [info] Storing 1 sessions...
2022-11-25 11:34:12.563 [info] Reading sessions from keychain...
2022-11-25 11:34:12.563 [info] Stored 1 sessions!
2022-11-25 11:34:12.563 [info] Login success!
2022-11-25 11:34:12.574 [info] Getting sessions for user:email...
2022-11-25 11:34:12.574 [info] Got stored sessions!
2022-11-25 11:34:12.575 [info] Got 1 verified sessions.
2022-11-25 11:34:12.575 [info] Got 1 sessions for user:email...
2022-11-25 11:34:22.202 [info] Getting sessions for all scopes...
2022-11-25 11:34:22.202 [info] Got 1 sessions for ...
2022-11-25 11:34:25.707 [info] Getting sessions for user:email...
2022-11-25 11:34:25.707 [info] Got 1 sessions for user:email...
2022-11-25 11:34:27.364 [info] Getting sessions for user:email...
2022-11-25 11:34:27.364 [info] Got 1 sessions for user:email...
2022-11-25 11:34:34.602 [info] Getting sessions for all scopes...
2022-11-25 11:34:34.602 [info] Got 1 sessions for ...
2022-11-25 11:34:42.867 [info] Reading sessions from keychain...
2022-11-25 11:34:42.867 [info] Getting sessions for user:email...
2022-11-25 11:34:42.867 [info] Got stored sessions!
2022-11-25 11:34:42.867 [info] Got 1 verified sessions.
2022-11-25 11:34:42.867 [info] Got 1 sessions for user:email...
2022-11-25 11:34:42.867 [info] Getting sessions for all scopes...
2022-11-25 11:34:42.867 [info] Got 1 sessions for ...
2022-11-25 11:34:45.909 [info] Getting sessions for codespace,read:user,repo,user:email...
2022-11-25 11:34:45.909 [info] Got 0 sessions for codespace,read:user,repo,user:email...
