2022-11-25 11:33:58.844 [info] Extension host with pid 78706 started
2022-11-25 11:33:58.889 [info] ExtensionService#_doActivateExtension vscode.microsoft-authentication, startup: false, activationEvent: 'onAuthenticationRequest:microsoft'
2022-11-25 11:33:58.890 [info] ExtensionService#_doActivateExtension vscode.git-base, startup: true, activationEvent: '*', root cause: vscode.git
2022-11-25 11:33:58.982 [info] ExtensionService#_doActivateExtension vscode.git, startup: true, activationEvent: '*'
2022-11-25 11:33:58.982 [info] ExtensionService#_doActivateExtension vscode.github, startup: true, activationEvent: '*'
2022-11-25 11:33:59.081 [info] Eager extensions activated
2022-11-25 11:33:59.109 [info] ExtensionService#_doActivateExtension vscode.debug-auto-launch, startup: false, activationEvent: 'onStartupFinished'
2022-11-25 11:33:59.110 [info] ExtensionService#_doActivateExtension vscode.emmet, startup: false, activationEvent: 'onStartupFinished'
2022-11-25 11:33:59.110 [info] ExtensionService#_doActivateExtension vscode.merge-conflict, startup: false, activationEvent: 'onStartupFinished'
2022-11-25 11:33:59.167 [info] ExtensionService#_doActivateExtension vscode.github-authentication, startup: false, activationEvent: 'onAuthenticationRequest:github'
2022-11-25 11:34:28.091 [info] ExtensionService#_doActivateExtension vscode.configuration-editing, startup: false, activationEvent: 'onLanguage:jsonc'
2022-11-25 11:34:28.092 [info] ExtensionService#_doActivateExtension vscode.json-language-features, startup: false, activationEvent: 'onLanguage:jsonc'
2022-11-25 11:34:28.092 [info] ExtensionService#_doActivateExtension vscode.typescript-language-features, startup: false, activationEvent: 'onLanguage:jsonc'
2022-11-25 11:34:33.849 [info] ExtensionService#_doActivateExtension zhuangtongfa.material-theme, startup: false, activationEvent: 'onStartupFinished'
2022-11-25 11:34:35.609 [info] ExtensionService#_doActivateExtension vscodevim.vim, startup: false, activationEvent: '*'
2022-11-25 11:34:36.693 [error] Error: ENOENT: no such file or directory, open '/home/technat/.config/Code/User/globalStorage/vscodevim.vim/.registers'
2022-11-25 11:34:38.434 [info] ExtensionService#_doActivateExtension ms-vscode-remote.remote-wsl, startup: false, activationEvent: 'onStartupFinished'
2022-11-25 11:34:41.409 [info] Extension host terminating: received terminate message from renderer
2022-11-25 11:34:41.434 [error] Error: ENOENT: no such file or directory, open '/home/technat/.config/Code/User/globalStorage/vscodevim.vim/.registers'
2022-11-25 11:34:41.435 [info] Extension host with pid 78706 exiting with code 0
2022-11-25 11:34:42.408 [info] Extension host with pid 79096 started
2022-11-25 11:34:42.451 [info] ExtensionService#_doActivateExtension vscode.microsoft-authentication, startup: false, activationEvent: 'onAuthenticationRequest:microsoft'
2022-11-25 11:34:42.451 [info] ExtensionService#_doActivateExtension vscode.git-base, startup: true, activationEvent: '*', root cause: vscode.git
2022-11-25 11:34:42.452 [info] ExtensionService#_doActivateExtension andilutten92.pop-theme-switcher, startup: true, activationEvent: '*'
2022-11-25 11:34:42.452 [info] ExtensionService#_doActivateExtension vscodevim.vim, startup: true, activationEvent: '*'
2022-11-25 11:34:42.592 [info] ExtensionService#_doActivateExtension vscode.git, startup: true, activationEvent: '*'
2022-11-25 11:34:42.592 [info] ExtensionService#_doActivateExtension vscode.github, startup: true, activationEvent: '*'
2022-11-25 11:34:42.650 [info] Eager extensions activated
2022-11-25 11:34:42.682 [info] ExtensionService#_doActivateExtension vscode.debug-auto-launch, startup: false, activationEvent: 'onStartupFinished'
2022-11-25 11:34:42.682 [info] ExtensionService#_doActivateExtension vscode.emmet, startup: false, activationEvent: 'onStartupFinished'
2022-11-25 11:34:42.682 [info] ExtensionService#_doActivateExtension vscode.merge-conflict, startup: false, activationEvent: 'onStartupFinished'
2022-11-25 11:34:42.682 [info] ExtensionService#_doActivateExtension equinusocio.vsc-material-theme-icons, startup: false, activationEvent: 'onStartupFinished'
2022-11-25 11:34:42.682 [info] ExtensionService#_doActivateExtension ms-vscode-remote.remote-containers, startup: false, activationEvent: 'onStartupFinished'
2022-11-25 11:34:42.682 [info] ExtensionService#_doActivateExtension ms-vscode-remote.remote-wsl, startup: false, activationEvent: 'onStartupFinished'
2022-11-25 11:34:42.682 [info] ExtensionService#_doActivateExtension zhuangtongfa.material-theme, startup: false, activationEvent: 'onStartupFinished'
2022-11-25 11:34:42.807 [info] ExtensionService#_doActivateExtension vscode.github-authentication, startup: false, activationEvent: 'onAuthenticationRequest:github'
2022-11-25 11:34:43.572 [error] Error: ENOENT: no such file or directory, open '/home/technat/.config/Code/User/globalStorage/vscodevim.vim/.registers'
2022-11-25 11:34:45.509 [info] ExtensionService#_doActivateExtension vscode.configuration-editing, startup: false, activationEvent: 'onLanguage:jsonc'
2022-11-25 11:34:45.509 [info] ExtensionService#_doActivateExtension vscode.json-language-features, startup: false, activationEvent: 'onLanguage:jsonc'
2022-11-25 11:34:45.509 [info] ExtensionService#_doActivateExtension vscode.typescript-language-features, startup: false, activationEvent: 'onLanguage:jsonc'
2022-11-25 11:34:45.613 [info] ExtensionService#_doActivateExtension GitHub.codespaces, startup: false, activationEvent: '*'
2022-11-25 11:34:46.313 [warning] DiagnosticCollection with name 'devcontainer' does already exist.
2022-11-25 11:35:12.992 [info] Extension host terminating: received terminate message from renderer
2022-11-25 11:35:13.023 [error] Error: ENOENT: no such file or directory, open '/home/technat/.config/Code/User/globalStorage/vscodevim.vim/.registers'
2022-11-25 11:35:13.024 [info] Extension host with pid 79096 exiting with code 0
