2022-11-25 11:36:38.024 [info] Reading sessions from keychain...
2022-11-25 11:36:38.024 [info] Getting sessions for user:email...
2022-11-25 11:36:38.024 [info] Getting sessions for all scopes...
2022-11-25 11:36:38.024 [info] Getting sessions for codespace,read:user,repo,user:email...
2022-11-25 11:36:38.024 [info] Got stored sessions!
2022-11-25 11:36:38.024 [info] Got 1 verified sessions.
2022-11-25 11:36:38.025 [info] Got 1 sessions for user:email...
2022-11-25 11:36:38.025 [info] Got 1 sessions for ...
2022-11-25 11:36:38.025 [info] Got 0 sessions for codespace,read:user,repo,user:email...
2022-11-25 11:37:44.242 [info] Reading sessions from keychain...
2022-11-25 11:37:44.242 [info] Getting sessions for all scopes...
2022-11-25 11:37:44.242 [info] Got stored sessions!
2022-11-25 11:37:44.242 [info] Got 1 verified sessions.
2022-11-25 11:37:44.242 [info] Got 1 sessions for ...
2022-11-25 11:37:44.242 [info] Getting sessions for codespace,read:user,repo,user:email...
2022-11-25 11:37:44.242 [info] Getting sessions for user:email...
2022-11-25 11:37:44.242 [info] Getting sessions for user:email...
2022-11-25 11:37:44.242 [info] Got 0 sessions for codespace,read:user,repo,user:email...
2022-11-25 11:37:44.242 [info] Got 1 sessions for user:email...
2022-11-25 11:37:44.242 [info] Got 1 sessions for user:email...
