2022-11-25 11:36:36.917 [info] Added views:workbench.panel.markers.view in workbench.panel.markers
2022-11-25 11:36:36.917 [info] Added views:workbench.panel.output in workbench.panel.output
2022-11-25 11:36:36.917 [info] Added views:terminal in terminal
2022-11-25 11:36:36.917 [info] Added views:outline in workbench.view.explorer
2022-11-25 11:36:36.917 [info] Added views:workbench.scm in workbench.view.scm
2022-11-25 11:36:36.917 [info] Added views:workbench.view.search in workbench.view.search
2022-11-25 11:36:36.917 [info] Added views:timeline in workbench.view.explorer
2022-11-25 11:36:36.917 [info] Added views:workbench.explorer.emptyView in workbench.view.explorer
2022-11-25 11:36:36.917 [info] Added views:workbench.explorer.openEditorsView in workbench.view.explorer
2022-11-25 11:36:36.917 [info] Added views:workbench.debug.welcome in workbench.view.debug
2022-11-25 11:36:37.106 [info] Added views:github.codespaces.explorer in workbench.view.remote
2022-11-25 11:36:37.107 [info] Added views:dockerContainers,dockerImages,dockerRegistries,dockerNetworks,dockerVolumes,vscode-docker.views.dockerContexts,vscode-docker.views.help in workbench.view.extension.dockerView
2022-11-25 11:36:37.107 [info] Added views:targetsContainers,devVolumes in workbench.view.remote
2022-11-25 11:36:37.366 [info] Added views:workbench.panel.repl.view in workbench.panel.repl
2022-11-25 11:37:43.085 [info] Added views:workbench.panel.markers.view in workbench.panel.markers
2022-11-25 11:37:43.085 [info] Added views:workbench.panel.output in workbench.panel.output
2022-11-25 11:37:43.085 [info] Added views:terminal in terminal
2022-11-25 11:37:43.085 [info] Added views:outline in workbench.view.explorer
2022-11-25 11:37:43.085 [info] Added views:workbench.scm in workbench.view.scm
2022-11-25 11:37:43.085 [info] Added views:workbench.view.search in workbench.view.search
2022-11-25 11:37:43.085 [info] Added views:timeline in workbench.view.explorer
2022-11-25 11:37:43.085 [info] Added views:workbench.explorer.fileView in workbench.view.explorer
2022-11-25 11:37:43.085 [info] Added views:workbench.explorer.openEditorsView in workbench.view.explorer
2022-11-25 11:37:43.085 [info] Added views:workbench.debug.variablesView,workbench.debug.watchExpressionsView,workbench.debug.callStackView,workbench.debug.breakPointsView in workbench.view.debug
2022-11-25 11:37:43.370 [info] Added views:github.codespaces.explorer in workbench.view.remote
2022-11-25 11:37:43.371 [info] Added views:dockerContainers,dockerImages,dockerRegistries,dockerNetworks,dockerVolumes,vscode-docker.views.dockerContexts,vscode-docker.views.help in workbench.view.extension.dockerView
2022-11-25 11:37:43.371 [info] Added views:targetsContainers,devVolumes in workbench.view.remote
2022-11-25 11:37:43.811 [info] Added views:workbench.panel.repl.view in workbench.panel.repl
2022-11-25 11:37:44.542 [info] Added views:workbench.view.testing in workbench.view.extension.test
2022-11-25 11:37:44.543 [info] Added views:go.explorer in workbench.view.explorer
